<?xml version="1.0" encoding="UTF-8"?>
<!-- Generated by org.testng.reporters.JUnitReportReporter -->
<testsuite skipped="0" hostname="DESKTOP-D0DHB9F" name="com.selenium.test.verify_profile_cart_amount" tests="1" failures="0" timestamp="05 Apr 2020 21:18:11 GMT" time="38.033" errors="0">
  <testcase name="Verify_amount" time="38.033" classname="com.selenium.test.verify_profile_cart_amount"/>
</testsuite> <!-- com.selenium.test.verify_profile_cart_amount -->
