<?xml version="1.0" encoding="UTF-8"?>
<!-- Generated by org.testng.reporters.JUnitReportReporter -->
<testsuite skipped="0" hostname="DESKTOP-D0DHB9F" name="com.selenium.test.signIn_payment" tests="1" failures="0" timestamp="05 Apr 2020 21:18:11 GMT" time="71.409" errors="0">
  <testcase name="signIn" time="71.409" classname="com.selenium.test.signIn_payment"/>
</testsuite> <!-- com.selenium.test.signIn_payment -->
